<?xml version="1.0" encoding="UTF-8"?>
<!-- Generated by org.testng.reporters.JUnitReportReporter -->
<testsuite hostname="Yousefs-MacBook-Pro.local" failures="0" tests="5" name="scripts.UnitedAirlinesTest" time="186.849" errors="0" timestamp="2022-06-12T22:02:02 CDT" skipped="0">
  <testcase classname="scripts.UnitedAirlinesTest" name="mainMenuValidation" time="30.374"/>
  <system-out/>
  <testcase classname="scripts.UnitedAirlinesTest" name="bookTravelMenuValidation" time="26.085"/>
  <system-out/>
  <testcase classname="scripts.UnitedAirlinesTest" name="roundTripAndOneWayButtonValidation" time="27.503"/>
  <system-out/>
  <testcase classname="scripts.UnitedAirlinesTest" name="bookWithMilesAndFlexibleDatesValidation" time="28.787"/>
  <system-out/>
  <testcase classname="scripts.UnitedAirlinesTest" name="oneWayTicketSearchTest" time="74.100"/>
  <system-out/>
</testsuite> <!-- scripts.UnitedAirlinesTest -->
